# JRE version: Java(TM) SE Runtime Environment (17.0.9+11) (build 17.0.9+11-LTS-201)
# Java VM: Java HotSpot(TM) 64-Bit Server VM (17.0.9+11-LTS-201, mixed mode, sharing, tiered, compressed oops, compressed class ptrs, g1 gc, windows-amd64)
GC Precious Log:
 CPUs: 8 total, 8 available
 Memory: 8034M
 Large Page Support: Disabled
 NUMA Support: Disabled
 Compressed Oops: Enabled (32-bit)
 Heap Region Size: 1M
 Heap Min Capacity: 256M
 Heap Initial Capacity: 256M
 Heap Max Capacity: 512M
 Pre-touch: Disabled
 Parallel Workers: 8
 Concurrent Workers: 2
 Concurrent Refinement Workers: 8
 Periodic GC: Disabled
Heap:
 garbage-first heap   total 273408K, used 215204K [0x00000000e0000000, 0x0000000100000000)
  region size 1024K, 15 young (15360K), 2 survivors (2048K)
 Metaspace       used 93324K, committed 94720K, reserved 458752K
  class space    used 12354K, committed 12928K, reserved 327680K
GC Heap History (20 events):
Event: 83.418 GC heap before
{Heap before GC invocations=52 (full 0):
 garbage-first heap   total 273408K, used 229890K [0x00000000e0000000, 0x0000000100000000)
  region size 1024K, 39 young (39936K), 4 survivors (4096K)
 Metaspace       used 94490K, committed 95488K, reserved 458752K
  class space    used 12522K, committed 12992K, reserved 327680K
}
Event: 83.423 GC heap after
{Heap after GC invocations=53 (full 0):
 garbage-first heap   total 273408K, used 195663K [0x00000000e0000000, 0x0000000100000000)
  region size 1024K, 2 young (2048K), 2 survivors (2048K)
 Metaspace       used 94490K, committed 95488K, reserved 458752K
  class space    used 12522K, committed 12992K, reserved 327680K
}
Event: 84.050 GC heap before
{Heap before GC invocations=53 (full 0):
 garbage-first heap   total 273408K, used 232527K [0x00000000e0000000, 0x0000000100000000)
  region size 1024K, 38 young (38912K), 2 survivors (2048K)
 Metaspace       used 94952K, committed 95936K, reserved 458752K
  class space    used 12555K, committed 12992K, reserved 327680K
}
Event: 84.057 GC heap after
{Heap after GC invocations=54 (full 0):
 garbage-first heap   total 273408K, used 200322K [0x00000000e0000000, 0x0000000100000000)
  region size 1024K, 5 young (5120K), 5 survivors (5120K)
 Metaspace       used 94952K, committed 95936K, reserved 458752K
  class space    used 12555K, committed 12992K, reserved 327680K
}
Event: 84.386 GC heap before
{Heap before GC invocations=54 (full 0):
 garbage-first heap   total 273408K, used 235138K [0x00000000e0000000, 0x0000000100000000)
  region size 1024K, 36 young (36864K), 5 survivors (5120K)
 Metaspace       used 94956K, committed 95936K, reserved 458752K
  class space    used 12555K, committed 12992K, reserved 327680K
}
Event: 84.394 GC heap after
{Heap after GC invocations=55 (full 0):
 garbage-first heap   total 273408K, used 201635K [0x00000000e0000000, 0x0000000100000000)
  region size 1024K, 2 young (2048K), 2 survivors (2048K)
 Metaspace       used 94956K, committed 95936K, reserved 458752K
  class space    used 12555K, committed 12992K, reserved 327680K
}
Event: 84.639 GC heap before
{Heap before GC invocations=55 (full 0):
 garbage-first heap   total 273408K, used 234403K [0x00000000e0000000, 0x0000000100000000)
  region size 1024K, 29 young (29696K), 2 survivors (2048K)
 Metaspace       used 94961K, committed 95936K, reserved 458752K
  class space    used 12555K, committed 12992K, reserved 327680K
}
Event: 84.643 GC heap after
{Heap after GC invocations=56 (full 0):
 garbage-first heap   total 273408K, used 201580K [0x00000000e0000000, 0x0000000100000000)
  region size 1024K, 2 young (2048K), 2 survivors (2048K)
 Metaspace       used 94961K, committed 95936K, reserved 458752K
  class space    used 12555K, committed 12992K, reserved 327680K
}
Event: 84.805 GC heap before
{Heap before GC invocations=56 (full 0):
 garbage-first heap   total 273408K, used 228204K [0x00000000e0000000, 0x0000000100000000)
  region size 1024K, 23 young (23552K), 2 survivors (2048K)
 Metaspace       used 94963K, committed 95936K, reserved 458752K
  class space    used 12555K, committed 12992K, reserved 327680K
}
Event: 84.809 GC heap after
{Heap after GC invocations=57 (full 0):
 garbage-first heap   total 273408K, used 201507K [0x00000000e0000000, 0x0000000100000000)
  region size 1024K, 2 young (2048K), 2 survivors (2048K)
 Metaspace       used 94963K, committed 95936K, reserved 458752K
  class space    used 12555K, committed 12992K, reserved 327680K
}
Event: 84.903 GC heap before
{Heap before GC invocations=57 (full 0):
 garbage-first heap   total 273408K, used 216867K [0x00000000e0000000, 0x0000000100000000)
  region size 1024K, 14 young (14336K), 2 survivors (2048K)
 Metaspace       used 94963K, committed 95936K, reserved 458752K
  class space    used 12555K, committed 12992K, reserved 327680K
}
Event: 84.906 GC heap after
{Heap after GC invocations=58 (full 0):
 garbage-first heap   total 273408K, used 203376K [0x00000000e0000000, 0x0000000100000000)
  region size 1024K, 3 young (3072K), 3 survivors (3072K)
 Metaspace       used 94963K, committed 95936K, reserved 458752K
  class space    used 12555K, committed 12992K, reserved 327680K
}
Event: 85.087 GC heap before
{Heap before GC invocations=58 (full 0):
 garbage-first heap   total 273408K, used 217712K [0x00000000e0000000, 0x0000000100000000)
  region size 1024K, 16 young (16384K), 3 survivors (3072K)
 Metaspace       used 94964K, committed 95936K, reserved 458752K
  class space    used 12555K, committed 12992K, reserved 327680K
}
Event: 85.091 GC heap after
{Heap after GC invocations=59 (full 0):
 garbage-first heap   total 273408K, used 203537K [0x00000000e0000000, 0x0000000100000000)
  region size 1024K, 2 young (2048K), 2 survivors (2048K)
 Metaspace       used 94964K, committed 95936K, reserved 458752K
  class space    used 12555K, committed 12992K, reserved 327680K
}
Event: 85.650 GC heap before
{Heap before GC invocations=59 (full 0):
 garbage-first heap   total 273408K, used 213777K [0x00000000e0000000, 0x0000000100000000)
  region size 1024K, 12 young (12288K), 2 survivors (2048K)
 Metaspace       used 94965K, committed 95936K, reserved 458752K
  class space    used 12555K, committed 12992K, reserved 327680K
}
Event: 85.652 GC heap after
{Heap after GC invocations=60 (full 0):
 garbage-first heap   total 273408K, used 201697K [0x00000000e0000000, 0x0000000100000000)
  region size 1024K, 1 young (1024K), 1 survivors (1024K)
 Metaspace       used 94965K, committed 95936K, reserved 458752K
  class space    used 12555K, committed 12992K, reserved 327680K
}
Event: 85.692 GC heap before
{Heap before GC invocations=60 (full 0):
 garbage-first heap   total 273408K, used 207841K [0x00000000e0000000, 0x0000000100000000)
  region size 1024K, 6 young (6144K), 1 survivors (1024K)
 Metaspace       used 94965K, committed 95936K, reserved 458752K
  class space    used 12555K, committed 12992K, reserved 327680K
}
Event: 85.694 GC heap after
{Heap after GC invocations=61 (full 0):
 garbage-first heap   total 273408K, used 203559K [0x00000000e0000000, 0x0000000100000000)
  region size 1024K, 2 young (2048K), 2 survivors (2048K)
 Metaspace       used 94965K, committed 95936K, reserved 458752K
  class space    used 12555K, committed 12992K, reserved 327680K
}
Event: 86.525 GC heap before
{Heap before GC invocations=61 (full 0):
 garbage-first heap   total 273408K, used 218919K [0x00000000e0000000, 0x0000000100000000)
  region size 1024K, 17 young (17408K), 2 survivors (2048K)
 Metaspace       used 95000K, committed 96064K, reserved 458752K
  class space    used 12558K, committed 13056K, reserved 327680K
}
Event: 86.528 GC heap after
{Heap after GC invocations=62 (full 0):
 garbage-first heap   total 273408K, used 202461K [0x00000000e0000000, 0x0000000100000000)
  region size 1024K, 2 young (2048K), 2 survivors (2048K)
 Metaspace       used 95000K, committed 96064K, reserved 458752K
  class space    used 12558K, committed 13056K, reserved 327680K
}

